<?xml version="1.0" encoding="UTF-8"?>
<testsuite name="com.utn.ejer01.Ejer01ApplicationTests" tests="1" skipped="0" failures="0" errors="0" timestamp="2023-08-30T15:00:07" hostname="DESKTOP-MK3LPCT" time="0.397">
  <properties/>
  <testcase name="contextLoads()" classname="com.utn.ejer01.Ejer01ApplicationTests" time="0.397"/>
  <system-out><![CDATA[12:00:04.326 [Test worker] INFO org.springframework.test.context.support.AnnotationConfigContextLoaderUtils -- Could not detect default configuration classes for test class [com.utn.ejer01.Ejer01ApplicationTests]: Ejer01ApplicationTests does not declare any static, non-private, non-final, nested classes annotated with @Configuration.
12:00:04.394 [Test worker] INFO org.springframework.boot.test.context.SpringBootTestContextBootstrapper -- Found @SpringBootConfiguration com.utn.ejer01.Ejer01Application for test class com.utn.ejer01.Ejer01ApplicationTests

  .   ____          _            __ _ _
 /\\ / ___'_ __ _ _(_)_ __  __ _ \ \ \ \
( ( )\___ | '_ | '_| | '_ \/ _` | \ \ \ \
 \\/  ___)| |_)| | | | | || (_| |  ) ) ) )
  '  |____| .__|_| |_|_| |_\__, | / / / /
 =========|_|==============|___/=/_/_/_/
 :: Spring Boot ::                (v3.1.3)

2023-08-30T12:00:04.703-03:00  INFO 10948 --- [    Test worker] com.utn.ejer01.Ejer01ApplicationTests    : Starting Ejer01ApplicationTests using Java 17.0.8 with PID 10948 (started by migue in D:\ejer01\ejer01)
2023-08-30T12:00:04.705-03:00  INFO 10948 --- [    Test worker] com.utn.ejer01.Ejer01ApplicationTests    : No active profile set, falling back to 1 default profile: "default"
2023-08-30T12:00:05.234-03:00  INFO 10948 --- [    Test worker] .s.d.r.c.RepositoryConfigurationDelegate : Bootstrapping Spring Data JPA repositories in DEFAULT mode.
2023-08-30T12:00:05.252-03:00  INFO 10948 --- [    Test worker] .s.d.r.c.RepositoryConfigurationDelegate : Finished Spring Data repository scanning in 9 ms. Found 0 JPA repository interfaces.
2023-08-30T12:00:05.593-03:00  INFO 10948 --- [    Test worker] o.hibernate.jpa.internal.util.LogHelper  : HHH000204: Processing PersistenceUnitInfo [name: default]
2023-08-30T12:00:05.641-03:00  INFO 10948 --- [    Test worker] org.hibernate.Version                    : HHH000412: Hibernate ORM core version 6.2.7.Final
2023-08-30T12:00:05.643-03:00  INFO 10948 --- [    Test worker] org.hibernate.cfg.Environment            : HHH000406: Using bytecode reflection optimizer
2023-08-30T12:00:05.758-03:00  INFO 10948 --- [    Test worker] o.h.b.i.BytecodeProviderInitiator        : HHH000021: Bytecode provider name : bytebuddy
2023-08-30T12:00:05.873-03:00  INFO 10948 --- [    Test worker] o.s.o.j.p.SpringPersistenceUnitInfo      : No LoadTimeWeaver setup: ignoring JPA class transformer
2023-08-30T12:00:05.889-03:00  INFO 10948 --- [    Test worker] com.zaxxer.hikari.HikariDataSource       : HikariPool-1 - Starting...
2023-08-30T12:00:06.037-03:00  INFO 10948 --- [    Test worker] com.zaxxer.hikari.pool.HikariPool        : HikariPool-1 - Added connection conn0: url=jdbc:h2:mem:./migueldb user=SA
2023-08-30T12:00:06.039-03:00  INFO 10948 --- [    Test worker] com.zaxxer.hikari.HikariDataSource       : HikariPool-1 - Start completed.
2023-08-30T12:00:06.246-03:00  INFO 10948 --- [    Test worker] o.h.b.i.BytecodeProviderInitiator        : HHH000021: Bytecode provider name : bytebuddy
2023-08-30T12:00:06.712-03:00  INFO 10948 --- [    Test worker] o.h.e.t.j.p.i.JtaPlatformInitiator       : HHH000490: Using JtaPlatform implementation: [org.hibernate.engine.transaction.jta.platform.internal.NoJtaPlatform]
Hibernate: drop table if exists persona cascade 
Hibernate: drop sequence if exists persona_seq
Hibernate: create sequence persona_seq start with 1 increment by 50
Hibernate: create table persona (edad integer not null, id bigint not null, apellido varchar(255), nombre varchar(255), primary key (id))
2023-08-30T12:00:06.742-03:00  INFO 10948 --- [    Test worker] j.LocalContainerEntityManagerFactoryBean : Initialized JPA EntityManagerFactory for persistence unit 'default'
2023-08-30T12:00:06.856-03:00  WARN 10948 --- [    Test worker] JpaBaseConfiguration$JpaWebConfiguration : spring.jpa.open-in-view is enabled by default. Therefore, database queries may be performed during view rendering. Explicitly configure spring.jpa.open-in-view to disable this warning
2023-08-30T12:00:07.139-03:00  INFO 10948 --- [    Test worker] o.s.b.a.h2.H2ConsoleAutoConfiguration    : H2 console available at '/h2-console'. Database available at 'jdbc:h2:mem:./migueldb'
2023-08-30T12:00:07.186-03:00  INFO 10948 --- [    Test worker] com.utn.ejer01.Ejer01ApplicationTests    : Started Ejer01ApplicationTests in 2.651 seconds (process running for 3.58)
]]></system-out>
  <system-err><![CDATA[]]></system-err>
</testsuite>
